<?xml version="1.0" encoding="UTF-8"?>
<testsuite xmlns:xsi="http://www.w3.org/2001/XMLSchema-instance" xsi:schemaLocation="https://maven.apache.org/surefire/maven-surefire-plugin/xsd/surefire-test-report.xsd" name="TestPopularCourses" time="75.083" tests="3" errors="0" skipped="0" failures="0">
  <properties>
[...]
</properties>
  <testcase name="testClickEarlyCourse" classname="TestPopularCourses" time="29.359"/>
  <testcase name="testClickCourseName" classname="TestPopularCourses" time="23.424"/>
  <testcase name="testClickLateCourse" classname="TestPopularCourses" time="22.273"/>
</testsuite>